0 verbose cli C:\Program Files\nodejs\node.exe C:\Users\91854\AppData\Roaming\npm\node_modules\npm\bin\npm-cli.js
1 info using npm@11.2.0
2 info using node@v22.13.1
3 silly config load:file:C:\Users\91854\AppData\Roaming\npm\node_modules\npm\npmrc
4 silly config load:file:C:\Users\91854\Documents\developmentbyaanya\project\one_cart\backend\.npmrc
5 silly config load:file:C:\Users\91854\.npmrc
6 silly config load:file:C:\Users\91854\AppData\Roaming\npm\etc\npmrc
7 verbose title npm install cookie-parser
8 verbose argv "install" "cookie-parser"
9 verbose logfile logs-max:10 dir:C:\Users\91854\Documents\developmentbyaanya\project\one_cart\backend\%AppData%\npm-cache\_logs\2025-11-09T19_10_46_414Z-
10 verbose logfile C:\Users\91854\Documents\developmentbyaanya\project\one_cart\backend\%AppData%\npm-cache\_logs\2025-11-09T19_10_46_414Z-debug-0.log
11 silly logfile start cleaning logs, removing 1 files
12 silly packumentCache heap:2197815296 maxSize:549453824 maxEntrySize:274726912
13 silly logfile done cleaning log files
14 silly idealTree buildDeps
15 silly fetch manifest cookie-parser@*
16 silly packumentCache full:https://registry.npmjs.org/cookie-parser cache-miss
17 http fetch GET 200 https://registry.npmjs.org/cookie-parser 443ms (cache miss)
18 silly packumentCache full:https://registry.npmjs.org/cookie-parser set size:undefined disposed:false
19 silly placeDep ROOT cookie-parser@1.4.7 OK for: backend@1.0.0 want: *
20 silly fetch manifest cookie-signature@1.0.6
21 silly packumentCache full:https://registry.npmjs.org/cookie-signature cache-miss
22 http fetch GET 200 https://registry.npmjs.org/cookie-signature 109ms (cache revalidated)
23 silly packumentCache full:https://registry.npmjs.org/cookie-signature set size:21777 disposed:false
24 silly placeDep node_modules/cookie-parser cookie-signature@1.0.6 OK for: cookie-parser@1.4.7 want: 1.0.6
25 silly reify moves {}
26 silly audit bulk request {
26 silly audit   '@mongodb-js/saslprep': [ '1.3.2' ],
26 silly audit   '@types/webidl-conversions': [ '7.0.3' ],
26 silly audit   '@types/whatwg-url': [ '11.0.5' ],
26 silly audit   accepts: [ '2.0.0' ],
26 silly audit   anymatch: [ '3.1.3' ],
26 silly audit   'balanced-match': [ '1.0.2' ],
26 silly audit   bcrypt: [ '6.0.0' ],
26 silly audit   bcryptjs: [ '3.0.3' ],
26 silly audit   'binary-extensions': [ '2.3.0' ],
26 silly audit   'body-parser': [ '2.2.0' ],
26 silly audit   'brace-expansion': [ '1.1.12' ],
26 silly audit   braces: [ '3.0.3' ],
26 silly audit   bson: [ '6.10.4' ],
26 silly audit   'buffer-equal-constant-time': [ '1.0.1' ],
26 silly audit   bytes: [ '3.1.2' ],
26 silly audit   'call-bind-apply-helpers': [ '1.0.2' ],
26 silly audit   'call-bound': [ '1.0.4' ],
26 silly audit   chokidar: [ '3.6.0' ],
26 silly audit   'concat-map': [ '0.0.1' ],
26 silly audit   'content-disposition': [ '1.0.0' ],
26 silly audit   'content-type': [ '1.0.5' ],
26 silly audit   cookie: [ '0.7.2' ],
26 silly audit   'cookie-signature': [ '1.2.2', '1.0.6' ],
26 silly audit   cors: [ '2.8.5' ],
26 silly audit   debug: [ '4.4.3' ],
26 silly audit   depd: [ '2.0.0' ],
26 silly audit   dotenv: [ '17.2.3' ],
26 silly audit   'dunder-proto': [ '1.0.1' ],
26 silly audit   'ecdsa-sig-formatter': [ '1.0.11' ],
26 silly audit   'ee-first': [ '1.1.1' ],
26 silly audit   encodeurl: [ '2.0.0' ],
26 silly audit   'es-define-property': [ '1.0.1' ],
26 silly audit   'es-errors': [ '1.3.0' ],
26 silly audit   'es-object-atoms': [ '1.1.1' ],
26 silly audit   'escape-html': [ '1.0.3' ],
26 silly audit   etag: [ '1.8.1' ],
26 silly audit   express: [ '5.1.0' ],
26 silly audit   'fill-range': [ '7.1.1' ],
26 silly audit   finalhandler: [ '2.1.0' ],
26 silly audit   forwarded: [ '0.2.0' ],
26 silly audit   fresh: [ '2.0.0' ],
26 silly audit   fsevents: [ '2.3.3' ],
26 silly audit   'function-bind': [ '1.1.2' ],
26 silly audit   'get-intrinsic': [ '1.3.0' ],
26 silly audit   'get-proto': [ '1.0.1' ],
26 silly audit   'glob-parent': [ '5.1.2' ],
26 silly audit   gopd: [ '1.2.0' ],
26 silly audit   'has-flag': [ '3.0.0' ],
26 silly audit   'has-symbols': [ '1.1.0' ],
26 silly audit   hasown: [ '2.0.2' ],
26 silly audit   'http-errors': [ '2.0.0' ],
26 silly audit   statuses: [ '2.0.1', '2.0.2' ],
26 silly audit   'iconv-lite': [ '0.6.3', '0.7.0' ],
26 silly audit   'ignore-by-default': [ '1.0.1' ],
26 silly audit   inherits: [ '2.0.4' ],
26 silly audit   'ipaddr.js': [ '1.9.1' ],
26 silly audit   'is-binary-path': [ '2.1.0' ],
26 silly audit   'is-extglob': [ '2.1.1' ],
26 silly audit   'is-glob': [ '4.0.3' ],
26 silly audit   'is-number': [ '7.0.0' ],
26 silly audit   'is-promise': [ '4.0.0' ],
26 silly audit   jsonwebtoken: [ '9.0.2' ],
26 silly audit   jwa: [ '1.4.2' ],
26 silly audit   jws: [ '3.2.2' ],
26 silly audit   kareem: [ '2.6.3' ],
26 silly audit   'lodash.includes': [ '4.3.0' ],
26 silly audit   'lodash.isboolean': [ '3.0.3' ],
26 silly audit   'lodash.isinteger': [ '4.0.4' ],
26 silly audit   'lodash.isnumber': [ '3.0.3' ],
26 silly audit   'lodash.isplainobject': [ '4.0.6' ],
26 silly audit   'lodash.isstring': [ '4.0.1' ],
26 silly audit   'lodash.once': [ '4.1.1' ],
26 silly audit   'math-intrinsics': [ '1.1.0' ],
26 silly audit   'media-typer': [ '1.1.0' ],
26 silly audit   'memory-pager': [ '1.5.0' ],
26 silly audit   'merge-descriptors': [ '2.0.0' ],
26 silly audit   'mime-db': [ '1.54.0' ],
26 silly audit   'mime-types': [ '3.0.1' ],
26 silly audit   minimatch: [ '3.1.2' ],
26 silly audit   mongodb: [ '6.20.0' ],
26 silly audit   'mongodb-connection-string-url': [ '3.0.2' ],
26 silly audit   mongoose: [ '8.19.3' ],
26 silly audit   mpath: [ '0.9.0' ],
26 silly audit   mquery: [ '5.0.0' ],
26 silly audit   ms: [ '2.1.3' ],
26 silly audit   negotiator: [ '1.0.0' ],
26 silly audit   'node-addon-api': [ '8.5.0' ],
26 silly audit   'node-gyp-build': [ '4.8.4' ],
26 silly audit   nodemon: [ '3.1.10' ],
26 silly audit   'normalize-path': [ '3.0.0' ],
26 silly audit   'object-assign': [ '4.1.1' ],
26 silly audit   'object-inspect': [ '1.13.4' ],
26 silly audit   'on-finished': [ '2.4.1' ],
26 silly audit   once: [ '1.4.0' ],
26 silly audit   parseurl: [ '1.3.3' ],
26 silly audit   'path-to-regexp': [ '8.3.0' ],
26 silly audit   picomatch: [ '2.3.1' ],
26 silly audit   'proxy-addr': [ '2.0.7' ],
26 silly audit   'pstree.remy': [ '1.1.8' ],
26 silly audit   punycode: [ '2.3.1' ],
26 silly audit   qs: [ '6.14.0' ],
26 silly audit   'range-parser': [ '1.2.1' ],
26 silly audit   'raw-body': [ '3.0.1' ],
26 silly audit   readdirp: [ '3.6.0' ],
26 silly audit   router: [ '2.2.0' ],
26 silly audit   'safe-buffer': [ '5.2.1' ],
26 silly audit   'safer-buffer': [ '2.1.2' ],
26 silly audit   semver: [ '7.7.3' ],
26 silly audit   send: [ '1.2.0' ],
26 silly audit   'serve-static': [ '2.2.0' ],
26 silly audit   setprototypeof: [ '1.2.0' ],
26 silly audit   'side-channel': [ '1.1.0' ],
26 silly audit   'side-channel-list': [ '1.0.0' ],
26 silly audit   'side-channel-map': [ '1.0.1' ],
26 silly audit   'side-channel-weakmap': [ '1.0.2' ],
26 silly audit   sift: [ '17.1.3' ],
26 silly audit   'simple-update-notifier': [ '2.0.0' ],
26 silly audit   'sparse-bitfield': [ '3.0.3' ],
26 silly audit   'supports-color': [ '5.5.0' ],
26 silly audit   'to-regex-range': [ '5.0.1' ],
26 silly audit   toidentifier: [ '1.0.1' ],
26 silly audit   touch: [ '3.1.1' ],
26 silly audit   tr46: [ '5.1.1' ],
26 silly audit   'type-is': [ '2.0.1' ],
26 silly audit   undefsafe: [ '2.0.5' ],
26 silly audit   unpipe: [ '1.0.0' ],
26 silly audit   vary: [ '1.1.2' ],
26 silly audit   'webidl-conversions': [ '7.0.0' ],
26 silly audit   'whatwg-url': [ '14.2.0' ],
26 silly audit   wrappy: [ '1.0.2' ],
26 silly audit   'cookie-parser': [ '1.4.7' ]
26 silly audit }
27 verbose reify failed optional dependency C:\Users\91854\Documents\developmentbyaanya\project\one_cart\backend\node_modules\fsevents
28 silly reify mark deleted [
28 silly reify   'C:\\Users\\91854\\Documents\\developmentbyaanya\\project\\one_cart\\backend\\node_modules\\fsevents'
28 silly reify ]
29 http cache cookie-parser@https://registry.npmjs.org/cookie-parser/-/cookie-parser-1.4.7.tgz 0ms (cache hit)
30 http cache cookie-signature@https://registry.npmjs.org/cookie-signature/-/cookie-signature-1.0.6.tgz 0ms (cache hit)
31 silly tarball no local data for cookie-parser@https://registry.npmjs.org/cookie-parser/-/cookie-parser-1.4.7.tgz. Extracting by manifest.
32 silly tarball no local data for cookie-signature@https://registry.npmjs.org/cookie-signature/-/cookie-signature-1.0.6.tgz. Extracting by manifest.
33 http fetch POST 200 https://registry.npmjs.org/-/npm/v1/security/advisories/bulk 371ms
34 silly audit report {}
35 http fetch GET 200 https://registry.npmjs.org/cookie-signature/-/cookie-signature-1.0.6.tgz 364ms (cache miss)
36 http fetch GET 200 https://registry.npmjs.org/cookie-parser/-/cookie-parser-1.4.7.tgz 368ms (cache miss)
37 silly ADD node_modules/cookie-parser
38 silly ADD node_modules/cookie-parser/node_modules/cookie-signature
39 silly ADD
40 verbose cwd C:\Users\91854\Documents\developmentbyaanya\project\one_cart\backend
41 verbose os Windows_NT 10.0.26200
42 verbose node v22.13.1
43 verbose npm  v11.2.0
44 verbose exit 0
45 info ok
