0 verbose cli C:\Program Files\nodejs\node.exe C:\Users\91854\AppData\Roaming\npm\node_modules\npm\bin\npm-cli.js
1 info using npm@11.2.0
2 info using node@v22.13.1
3 silly config load:file:C:\Users\91854\AppData\Roaming\npm\node_modules\npm\npmrc
4 silly config load:file:c:\Users\91854\Documents\developmentbyaanya\project\one_cart\backend\.npmrc
5 silly config load:file:C:\Users\91854\.npmrc
6 silly config load:file:C:\Users\91854\AppData\Roaming\npm\etc\npmrc
7 verbose title npm view nodemon description dist-tags.latest homepage version time
8 verbose argv "view" "--json" "--" "nodemon" "description" "dist-tags.latest" "homepage" "version" "time"
9 verbose logfile logs-max:10 dir:c:\Users\91854\Documents\developmentbyaanya\project\one_cart\backend\%AppData%\npm-cache\_logs\2025-11-09T19_10_22_901Z-
10 verbose logfile c:\Users\91854\Documents\developmentbyaanya\project\one_cart\backend\%AppData%\npm-cache\_logs\2025-11-09T19_10_22_901Z-debug-0.log
11 silly logfile start cleaning logs, removing 1 files
12 silly logfile done cleaning log files
13 http fetch GET 200 https://registry.npmjs.org/nodemon 391ms (cache revalidated)
14 verbose cwd c:\Users\91854\Documents\developmentbyaanya\project\one_cart\backend
15 verbose os Windows_NT 10.0.26200
16 verbose node v22.13.1
17 verbose npm  v11.2.0
18 verbose exit 0
19 info ok
