0 verbose cli C:\Program Files\nodejs\node.exe C:\Users\91854\AppData\Roaming\npm\node_modules\npm\bin\npm-cli.js
1 info using npm@11.2.0
2 info using node@v22.13.1
3 silly config load:file:C:\Users\91854\AppData\Roaming\npm\node_modules\npm\npmrc
4 silly config load:file:C:\Users\91854\Documents\developmentbyaanya\project\one_cart\backend\.npmrc
5 silly config load:file:C:\Users\91854\.npmrc
6 silly config load:file:C:\Users\91854\AppData\Roaming\npm\etc\npmrc
7 verbose title npm install razorpay axios crypto
8 verbose argv "install" "razorpay" "axios" "crypto"
9 verbose logfile logs-max:10 dir:C:\Users\91854\Documents\developmentbyaanya\project\one_cart\backend\%AppData%\npm-cache\_logs\2025-11-10T16_52_47_556Z-
10 verbose logfile C:\Users\91854\Documents\developmentbyaanya\project\one_cart\backend\%AppData%\npm-cache\_logs\2025-11-10T16_52_47_556Z-debug-0.log
11 silly logfile start cleaning logs, removing 1 files
12 silly packumentCache heap:2197815296 maxSize:549453824 maxEntrySize:274726912
13 silly logfile done cleaning log files
14 silly idealTree buildDeps
15 silly fetch manifest razorpay@*
16 silly packumentCache full:https://registry.npmjs.org/razorpay cache-miss
17 http fetch GET 200 https://registry.npmjs.org/razorpay 1358ms (cache miss)
18 silly packumentCache full:https://registry.npmjs.org/razorpay set size:undefined disposed:false
19 silly fetch manifest axios@*
20 silly packumentCache full:https://registry.npmjs.org/axios cache-miss
21 http fetch GET 200 https://registry.npmjs.org/axios 158ms (cache miss)
22 silly packumentCache full:https://registry.npmjs.org/axios set size:undefined disposed:false
23 silly fetch manifest crypto@*
24 silly packumentCache full:https://registry.npmjs.org/crypto cache-miss
25 http fetch GET 200 https://registry.npmjs.org/crypto 107ms (cache miss)
26 silly packumentCache full:https://registry.npmjs.org/crypto set size:undefined disposed:false
27 silly placeDep ROOT axios@1.13.2 OK for: backend@1.0.0 want: *
28 silly placeDep ROOT crypto@1.0.1 OK for: backend@1.0.0 want: *
29 silly placeDep ROOT razorpay@2.9.6 OK for: backend@1.0.0 want: *
30 silly fetch manifest follow-redirects@^1.15.6
31 silly packumentCache full:https://registry.npmjs.org/follow-redirects cache-miss
32 silly fetch manifest form-data@^4.0.4
33 silly packumentCache full:https://registry.npmjs.org/form-data cache-miss
34 silly fetch manifest proxy-from-env@^1.1.0
35 silly packumentCache full:https://registry.npmjs.org/proxy-from-env cache-miss
36 http fetch GET 200 https://registry.npmjs.org/follow-redirects 136ms (cache miss)
37 silly packumentCache full:https://registry.npmjs.org/follow-redirects set size:undefined disposed:false
38 http fetch GET 200 https://registry.npmjs.org/form-data 289ms (cache miss)
39 silly packumentCache full:https://registry.npmjs.org/form-data set size:undefined disposed:false
40 http fetch GET 200 https://registry.npmjs.org/proxy-from-env 1533ms (cache miss)
41 silly packumentCache full:https://registry.npmjs.org/proxy-from-env set size:undefined disposed:false
42 silly placeDep ROOT follow-redirects@1.15.11 OK for: axios@1.13.2 want: ^1.15.6
43 silly placeDep ROOT form-data@4.0.4 OK for: axios@1.13.2 want: ^4.0.4
44 silly placeDep ROOT proxy-from-env@1.1.0 OK for: axios@1.13.2 want: ^1.1.0
45 silly fetch manifest asynckit@^0.4.0
46 silly packumentCache full:https://registry.npmjs.org/asynckit cache-miss
47 silly fetch manifest mime-types@^2.1.12
48 silly packumentCache full:https://registry.npmjs.org/mime-types cache-miss
49 silly fetch manifest combined-stream@^1.0.8
50 silly packumentCache full:https://registry.npmjs.org/combined-stream cache-miss
51 silly fetch manifest es-set-tostringtag@^2.1.0
52 silly packumentCache full:https://registry.npmjs.org/es-set-tostringtag cache-miss
53 http fetch GET 200 https://registry.npmjs.org/asynckit 125ms (cache miss)
54 silly packumentCache full:https://registry.npmjs.org/asynckit set size:undefined disposed:false
55 http fetch GET 200 https://registry.npmjs.org/combined-stream 127ms (cache miss)
56 silly packumentCache full:https://registry.npmjs.org/combined-stream set size:undefined disposed:false
57 http fetch GET 200 https://registry.npmjs.org/es-set-tostringtag 288ms (cache miss)
58 silly packumentCache full:https://registry.npmjs.org/es-set-tostringtag set size:undefined disposed:false
59 http fetch GET 200 https://registry.npmjs.org/mime-types 884ms (cache revalidated)
60 silly packumentCache full:https://registry.npmjs.org/mime-types set size:136716 disposed:false
61 silly placeDep ROOT asynckit@0.4.0 OK for: form-data@4.0.4 want: ^0.4.0
62 silly placeDep ROOT combined-stream@1.0.8 OK for: form-data@4.0.4 want: ^1.0.8
63 silly placeDep ROOT es-set-tostringtag@2.1.0 OK for: form-data@4.0.4 want: ^2.1.0
64 silly placeDep node_modules/form-data mime-types@2.1.35 OK for: form-data@4.0.4 want: ^2.1.12
65 silly fetch manifest delayed-stream@~1.0.0
66 silly packumentCache full:https://registry.npmjs.org/delayed-stream cache-miss
67 silly fetch manifest has-tostringtag@^1.0.2
68 silly packumentCache full:https://registry.npmjs.org/has-tostringtag cache-miss
69 silly fetch manifest mime-db@1.52.0
70 silly packumentCache full:https://registry.npmjs.org/mime-db cache-miss
71 http fetch GET 200 https://registry.npmjs.org/has-tostringtag 112ms (cache miss)
72 silly packumentCache full:https://registry.npmjs.org/has-tostringtag set size:undefined disposed:false
73 http fetch GET 200 https://registry.npmjs.org/delayed-stream 115ms (cache miss)
74 silly packumentCache full:https://registry.npmjs.org/delayed-stream set size:undefined disposed:false
75 http fetch GET 200 https://registry.npmjs.org/mime-db 257ms (cache revalidated)
76 silly packumentCache full:https://registry.npmjs.org/mime-db set size:164953 disposed:false
77 silly placeDep ROOT delayed-stream@1.0.0 OK for: combined-stream@1.0.8 want: ~1.0.0
78 silly placeDep ROOT has-tostringtag@1.0.2 OK for: es-set-tostringtag@2.1.0 want: ^1.0.2
79 silly placeDep node_modules/form-data mime-db@1.52.0 OK for: mime-types@2.1.35 want: 1.52.0
80 silly reify moves {}
81 silly audit bulk request {
81 silly audit   '@mongodb-js/saslprep': [ '1.3.2' ],
81 silly audit   '@types/webidl-conversions': [ '7.0.3' ],
81 silly audit   '@types/whatwg-url': [ '11.0.5' ],
81 silly audit   accepts: [ '2.0.0' ],
81 silly audit   anymatch: [ '3.1.3' ],
81 silly audit   'append-field': [ '1.0.0' ],
81 silly audit   'balanced-match': [ '1.0.2' ],
81 silly audit   bcrypt: [ '6.0.0' ],
81 silly audit   bcryptjs: [ '3.0.3' ],
81 silly audit   'binary-extensions': [ '2.3.0' ],
81 silly audit   'body-parser': [ '2.2.0' ],
81 silly audit   'brace-expansion': [ '1.1.12' ],
81 silly audit   braces: [ '3.0.3' ],
81 silly audit   bson: [ '6.10.4' ],
81 silly audit   'buffer-equal-constant-time': [ '1.0.1' ],
81 silly audit   'buffer-from': [ '1.1.2' ],
81 silly audit   busboy: [ '1.6.0' ],
81 silly audit   bytes: [ '3.1.2' ],
81 silly audit   'call-bind-apply-helpers': [ '1.0.2' ],
81 silly audit   'call-bound': [ '1.0.4' ],
81 silly audit   chokidar: [ '3.6.0' ],
81 silly audit   'concat-map': [ '0.0.1' ],
81 silly audit   'concat-stream': [ '2.0.0' ],
81 silly audit   'content-disposition': [ '1.0.0' ],
81 silly audit   'content-type': [ '1.0.5' ],
81 silly audit   cookie: [ '0.7.2' ],
81 silly audit   'cookie-parser': [ '1.4.7' ],
81 silly audit   'cookie-signature': [ '1.0.6', '1.2.2' ],
81 silly audit   cors: [ '2.8.5' ],
81 silly audit   debug: [ '4.4.3' ],
81 silly audit   depd: [ '2.0.0' ],
81 silly audit   dotenv: [ '17.2.3' ],
81 silly audit   'dunder-proto': [ '1.0.1' ],
81 silly audit   'ecdsa-sig-formatter': [ '1.0.11' ],
81 silly audit   'ee-first': [ '1.1.1' ],
81 silly audit   encodeurl: [ '2.0.0' ],
81 silly audit   'es-define-property': [ '1.0.1' ],
81 silly audit   'es-errors': [ '1.3.0' ],
81 silly audit   'es-object-atoms': [ '1.1.1' ],
81 silly audit   'escape-html': [ '1.0.3' ],
81 silly audit   etag: [ '1.8.1' ],
81 silly audit   express: [ '5.1.0' ],
81 silly audit   'fill-range': [ '7.1.1' ],
81 silly audit   finalhandler: [ '2.1.0' ],
81 silly audit   forwarded: [ '0.2.0' ],
81 silly audit   fresh: [ '2.0.0' ],
81 silly audit   fsevents: [ '2.3.3' ],
81 silly audit   'function-bind': [ '1.1.2' ],
81 silly audit   'get-intrinsic': [ '1.3.0' ],
81 silly audit   'get-proto': [ '1.0.1' ],
81 silly audit   'glob-parent': [ '5.1.2' ],
81 silly audit   gopd: [ '1.2.0' ],
81 silly audit   'has-flag': [ '3.0.0' ],
81 silly audit   'has-symbols': [ '1.1.0' ],
81 silly audit   hasown: [ '2.0.2' ],
81 silly audit   'http-errors': [ '2.0.0' ],
81 silly audit   statuses: [ '2.0.1', '2.0.2' ],
81 silly audit   'iconv-lite': [ '0.6.3', '0.7.0' ],
81 silly audit   'ignore-by-default': [ '1.0.1' ],
81 silly audit   inherits: [ '2.0.4' ],
81 silly audit   'ipaddr.js': [ '1.9.1' ],
81 silly audit   'is-binary-path': [ '2.1.0' ],
81 silly audit   'is-extglob': [ '2.1.1' ],
81 silly audit   'is-glob': [ '4.0.3' ],
81 silly audit   'is-number': [ '7.0.0' ],
81 silly audit   'is-promise': [ '4.0.0' ],
81 silly audit   jsonwebtoken: [ '9.0.2' ],
81 silly audit   jwa: [ '1.4.2' ],
81 silly audit   jws: [ '3.2.2' ],
81 silly audit   kareem: [ '2.6.3' ],
81 silly audit   'lodash.includes': [ '4.3.0' ],
81 silly audit   'lodash.isboolean': [ '3.0.3' ],
81 silly audit   'lodash.isinteger': [ '4.0.4' ],
81 silly audit   'lodash.isnumber': [ '3.0.3' ],
81 silly audit   'lodash.isplainobject': [ '4.0.6' ],
81 silly audit   'lodash.isstring': [ '4.0.1' ],
81 silly audit   'lodash.once': [ '4.1.1' ],
81 silly audit   'math-intrinsics': [ '1.1.0' ],
81 silly audit   'media-typer': [ '1.1.0', '0.3.0' ],
81 silly audit   'memory-pager': [ '1.5.0' ],
81 silly audit   'merge-descriptors': [ '2.0.0' ],
81 silly audit   'mime-db': [ '1.54.0', '1.52.0' ],
81 silly audit   'mime-types': [ '3.0.1', '2.1.35' ],
81 silly audit   minimatch: [ '3.1.2' ],
81 silly audit   minimist: [ '1.2.8' ],
81 silly audit   mkdirp: [ '0.5.6' ],
81 silly audit   mongodb: [ '6.20.0' ],
81 silly audit   'mongodb-connection-string-url': [ '3.0.2' ],
81 silly audit   mongoose: [ '8.19.3' ],
81 silly audit   mpath: [ '0.9.0' ],
81 silly audit   mquery: [ '5.0.0' ],
81 silly audit   ms: [ '2.1.3' ],
81 silly audit   multer: [ '2.0.2' ],
81 silly audit   'type-is': [ '1.6.18', '2.0.1' ],
81 silly audit   negotiator: [ '1.0.0' ],
81 silly audit   'node-addon-api': [ '8.5.0' ],
81 silly audit   'node-gyp-build': [ '4.8.4' ],
81 silly audit   nodemon: [ '3.1.10' ],
81 silly audit   'normalize-path': [ '3.0.0' ],
81 silly audit   'object-assign': [ '4.1.1' ],
81 silly audit   'object-inspect': [ '1.13.4' ],
81 silly audit   'on-finished': [ '2.4.1' ],
81 silly audit   once: [ '1.4.0' ],
81 silly audit   parseurl: [ '1.3.3' ],
81 silly audit   'path-to-regexp': [ '8.3.0' ],
81 silly audit   picomatch: [ '2.3.1' ],
81 silly audit   'proxy-addr': [ '2.0.7' ],
81 silly audit   'pstree.remy': [ '1.1.8' ],
81 silly audit   punycode: [ '2.3.1' ],
81 silly audit   qs: [ '6.14.0' ],
81 silly audit   'range-parser': [ '1.2.1' ],
81 silly audit   'raw-body': [ '3.0.1' ],
81 silly audit   'readable-stream': [ '3.6.2' ],
81 silly audit   readdirp: [ '3.6.0' ],
81 silly audit   router: [ '2.2.0' ],
81 silly audit   'safe-buffer': [ '5.2.1' ],
81 silly audit   'safer-buffer': [ '2.1.2' ],
81 silly audit   semver: [ '7.7.3' ],
81 silly audit   send: [ '1.2.0' ],
81 silly audit   'serve-static': [ '2.2.0' ],
81 silly audit   setprototypeof: [ '1.2.0' ],
81 silly audit   'side-channel': [ '1.1.0' ],
81 silly audit   'side-channel-list': [ '1.0.0' ],
81 silly audit   'side-channel-map': [ '1.0.1' ],
81 silly audit   'side-channel-weakmap': [ '1.0.2' ],
81 silly audit   sift: [ '17.1.3' ],
81 silly audit   'simple-update-notifier': [ '2.0.0' ],
81 silly audit   'sparse-bitfield': [ '3.0.3' ],
81 silly audit   streamsearch: [ '1.1.0' ],
81 silly audit   string_decoder: [ '1.3.0' ],
81 silly audit   'supports-color': [ '5.5.0' ],
81 silly audit   'to-regex-range': [ '5.0.1' ],
81 silly audit   toidentifier: [ '1.0.1' ],
81 silly audit   touch: [ '3.1.1' ],
81 silly audit   tr46: [ '5.1.1' ],
81 silly audit   typedarray: [ '0.0.6' ],
81 silly audit   undefsafe: [ '2.0.5' ],
81 silly audit   unpipe: [ '1.0.0' ],
81 silly audit   'util-deprecate': [ '1.0.2' ],
81 silly audit   vary: [ '1.1.2' ],
81 silly audit   'webidl-conversions': [ '7.0.0' ],
81 silly audit   'whatwg-url': [ '14.2.0' ],
81 silly audit   wrappy: [ '1.0.2' ],
81 silly audit   xtend: [ '4.0.2' ],
81 silly audit   axios: [ '1.13.2' ],
81 silly audit   crypto: [ '1.0.1' ],
81 silly audit   razorpay: [ '2.9.6' ],
81 silly audit   'follow-redirects': [ '1.15.11' ],
81 silly audit   'form-data': [ '4.0.4' ],
81 silly audit   'proxy-from-env': [ '1.1.0' ],
81 silly audit   asynckit: [ '0.4.0' ],
81 silly audit   'combined-stream': [ '1.0.8' ],
81 silly audit   'es-set-tostringtag': [ '2.1.0' ],
81 silly audit   'delayed-stream': [ '1.0.0' ],
81 silly audit   'has-tostringtag': [ '1.0.2' ]
81 silly audit }
82 verbose reify failed optional dependency C:\Users\91854\Documents\developmentbyaanya\project\one_cart\backend\node_modules\fsevents
83 silly reify mark deleted [
83 silly reify   'C:\\Users\\91854\\Documents\\developmentbyaanya\\project\\one_cart\\backend\\node_modules\\fsevents'
83 silly reify ]
84 http cache has-tostringtag@https://registry.npmjs.org/has-tostringtag/-/has-tostringtag-1.0.2.tgz 0ms (cache hit)
85 http cache combined-stream@https://registry.npmjs.org/combined-stream/-/combined-stream-1.0.8.tgz 0ms (cache hit)
86 http cache es-set-tostringtag@https://registry.npmjs.org/es-set-tostringtag/-/es-set-tostringtag-2.1.0.tgz 0ms (cache hit)
87 http cache delayed-stream@https://registry.npmjs.org/delayed-stream/-/delayed-stream-1.0.0.tgz 0ms (cache hit)
88 http cache asynckit@https://registry.npmjs.org/asynckit/-/asynckit-0.4.0.tgz 0ms (cache hit)
89 http cache proxy-from-env@https://registry.npmjs.org/proxy-from-env/-/proxy-from-env-1.1.0.tgz 0ms (cache hit)
90 http cache form-data@https://registry.npmjs.org/form-data/-/form-data-4.0.4.tgz 0ms (cache hit)
91 http cache follow-redirects@https://registry.npmjs.org/follow-redirects/-/follow-redirects-1.15.11.tgz 1ms (cache hit)
92 http cache mime-db@https://registry.npmjs.org/mime-db/-/mime-db-1.52.0.tgz 0ms (cache hit)
93 http cache razorpay@https://registry.npmjs.org/razorpay/-/razorpay-2.9.6.tgz 0ms (cache hit)
94 silly tarball no local data for has-tostringtag@https://registry.npmjs.org/has-tostringtag/-/has-tostringtag-1.0.2.tgz. Extracting by manifest.
95 silly tarball no local data for combined-stream@https://registry.npmjs.org/combined-stream/-/combined-stream-1.0.8.tgz. Extracting by manifest.
96 silly tarball no local data for es-set-tostringtag@https://registry.npmjs.org/es-set-tostringtag/-/es-set-tostringtag-2.1.0.tgz. Extracting by manifest.
97 silly tarball no local data for delayed-stream@https://registry.npmjs.org/delayed-stream/-/delayed-stream-1.0.0.tgz. Extracting by manifest.
98 silly tarball no local data for asynckit@https://registry.npmjs.org/asynckit/-/asynckit-0.4.0.tgz. Extracting by manifest.
99 silly tarball no local data for proxy-from-env@https://registry.npmjs.org/proxy-from-env/-/proxy-from-env-1.1.0.tgz. Extracting by manifest.
100 silly tarball no local data for form-data@https://registry.npmjs.org/form-data/-/form-data-4.0.4.tgz. Extracting by manifest.
101 http cache crypto@https://registry.npmjs.org/crypto/-/crypto-1.0.1.tgz 0ms (cache hit)
102 silly tarball no local data for follow-redirects@https://registry.npmjs.org/follow-redirects/-/follow-redirects-1.15.11.tgz. Extracting by manifest.
103 http cache mime-types@https://registry.npmjs.org/mime-types/-/mime-types-2.1.35.tgz 0ms (cache hit)
104 http cache axios@https://registry.npmjs.org/axios/-/axios-1.13.2.tgz 0ms (cache hit)
105 silly tarball no local data for razorpay@https://registry.npmjs.org/razorpay/-/razorpay-2.9.6.tgz. Extracting by manifest.
106 silly tarball no local data for crypto@https://registry.npmjs.org/crypto/-/crypto-1.0.1.tgz. Extracting by manifest.
107 silly tarball no local data for axios@https://registry.npmjs.org/axios/-/axios-1.13.2.tgz. Extracting by manifest.
108 http fetch GET 200 https://registry.npmjs.org/combined-stream/-/combined-stream-1.0.8.tgz 203ms (cache miss)
109 http fetch GET 200 https://registry.npmjs.org/es-set-tostringtag/-/es-set-tostringtag-2.1.0.tgz 288ms (cache miss)
110 http fetch GET 200 https://registry.npmjs.org/has-tostringtag/-/has-tostringtag-1.0.2.tgz 297ms (cache miss)
111 http fetch GET 200 https://registry.npmjs.org/delayed-stream/-/delayed-stream-1.0.0.tgz 297ms (cache miss)
112 http fetch GET 200 https://registry.npmjs.org/asynckit/-/asynckit-0.4.0.tgz 353ms (cache miss)
113 http fetch POST 200 https://registry.npmjs.org/-/npm/v1/security/advisories/bulk 454ms
114 silly audit report {}
115 http fetch GET 200 https://registry.npmjs.org/follow-redirects/-/follow-redirects-1.15.11.tgz 432ms (cache miss)
116 http fetch GET 200 https://registry.npmjs.org/proxy-from-env/-/proxy-from-env-1.1.0.tgz 1022ms (cache miss)
117 http fetch GET 200 https://registry.npmjs.org/crypto/-/crypto-1.0.1.tgz 1026ms (cache miss)
118 warn deprecated crypto@1.0.1: This package is no longer supported. It's now a built-in Node module. If you've depended on crypto, you should switch to the one that's built-in.
119 http fetch GET 200 https://registry.npmjs.org/form-data/-/form-data-4.0.4.tgz 1082ms (cache miss)
120 http fetch GET 200 https://registry.npmjs.org/razorpay/-/razorpay-2.9.6.tgz 1338ms (cache miss)
121 http fetch GET 200 https://registry.npmjs.org/axios/-/axios-1.13.2.tgz 2218ms (cache miss)
122 silly ADD node_modules/has-tostringtag
123 silly ADD node_modules/delayed-stream
124 silly ADD node_modules/es-set-tostringtag
125 silly ADD node_modules/combined-stream
126 silly ADD node_modules/asynckit
127 silly ADD node_modules/proxy-from-env
128 silly ADD node_modules/form-data
129 silly ADD node_modules/form-data/node_modules/mime-db
130 silly ADD node_modules/form-data/node_modules/mime-types
131 silly ADD node_modules/follow-redirects
132 silly ADD node_modules/razorpay
133 silly ADD node_modules/crypto
134 silly ADD node_modules/axios
135 silly ADD
136 verbose cwd C:\Users\91854\Documents\developmentbyaanya\project\one_cart\backend
137 verbose os Windows_NT 10.0.26200
138 verbose node v22.13.1
139 verbose npm  v11.2.0
140 verbose exit 0
141 info ok
